<?xml version="1.0" encoding="UTF-8"?>
<testng-results skipped="0" failed="0" ignored="0" total="2" passed="2">
  <reporter-output>
  </reporter-output>
  <suite name="Surefire suite" duration-ms="3663" started-at="2022-02-20T16:39:24 IST" finished-at="2022-02-20T16:39:27 IST">
    <groups>
    </groups>
    <test name="Surefire test" duration-ms="3663" started-at="2022-02-20T16:39:24 IST" finished-at="2022-02-20T16:39:27 IST">
      <class name="Demo">
        <test-method status="PASS" signature="Test01()[pri:0, instance:Demo@6093dd95]" name="Test01" duration-ms="4" started-at="2022-02-20T16:39:24 IST" finished-at="2022-02-20T16:39:24 IST">
          <reporter-output>
          </reporter-output>
        </test-method> <!-- Test01 -->
        <test-method status="PASS" signature="Test02()[pri:0, instance:Demo@6093dd95]" name="Test02" duration-ms="3633" started-at="2022-02-20T16:39:24 IST" finished-at="2022-02-20T16:39:27 IST">
          <reporter-output>
          </reporter-output>
        </test-method> <!-- Test02 -->
      </class> <!-- Demo -->
    </test> <!-- Surefire test -->
  </suite> <!-- Surefire suite -->
</testng-results>
