<?xml version="1.0" encoding="UTF-8"?>
<testng-results skipped="0" failed="0" ignored="0" total="1" passed="1">
  <reporter-output>
  </reporter-output>
  <suite name="Surefire suite" duration-ms="37" started-at="2022-02-20T16:33:17 IST" finished-at="2022-02-20T16:33:17 IST">
    <groups>
    </groups>
    <test name="Surefire test" duration-ms="37" started-at="2022-02-20T16:33:17 IST" finished-at="2022-02-20T16:33:17 IST">
      <class name="Demo">
        <test-method status="PASS" signature="Test01()[pri:0, instance:Demo@548a9f61]" name="Test01" duration-ms="5" started-at="2022-02-20T16:33:17 IST" finished-at="2022-02-20T16:33:17 IST">
          <reporter-output>
          </reporter-output>
        </test-method> <!-- Test01 -->
      </class> <!-- Demo -->
    </test> <!-- Surefire test -->
  </suite> <!-- Surefire suite -->
</testng-results>
